This file contains any messages produced by compilers while
running configure, to aid debugging if configure makes a mistake.

It was created by RtAudio configure 4.1, which was
generated by GNU Autoconf 2.69.  Invocation command line was

  $ ./configure 

## --------- ##
## Platform. ##
## --------- ##

hostname = Oli-ideaPad
uname -m = x86_64
uname -r = 3.13.0-46-generic
uname -s = Linux
uname -v = #79~precise1-Ubuntu SMP Tue Mar 10 20:25:33 UTC 2015

/usr/bin/uname -p = unknown
/bin/uname -X     = unknown

/bin/arch              = unknown
/usr/bin/arch -k       = unknown
/usr/convex/getsysinfo = unknown
/usr/bin/hostinfo      = unknown
/bin/machine           = unknown
/usr/bin/oslevel       = unknown
/bin/universe          = unknown

PATH: /home/cantor/Voiles-sails/aubioROS/devel/bin
PATH: /home/cantor/hydro_workspace/devel/bin
PATH: /opt/ros/hydro/bin
PATH: /usr/local/bin
PATH: /usr/bin
PATH: /bin
PATH: /usr/games
PATH: /usr/lib/jvm/java-8-oracle/bin
PATH: /usr/lib/jvm/java-8-oracle/db/bin
PATH: /usr/lib/jvm/java-8-oracle/jre/bin


## ----------- ##
## Core tests. ##
## ----------- ##

configure:2223: checking pkg-config
configure:2225: result: no
configure:2289: checking for g++
configure:2305: found /usr/bin/g++
configure:2316: result: g++
configure:2343: checking for C++ compiler version
configure:2352: g++ --version >&5
g++ (Ubuntu/Linaro 4.6.3-1ubuntu5) 4.6.3
Copyright (C) 2011 Free Software Foundation, Inc.
This is free software; see the source for copying conditions.  There is NO
warranty; not even for MERCHANTABILITY or FITNESS FOR A PARTICULAR PURPOSE.

configure:2363: $? = 0
configure:2352: g++ -v >&5
Using built-in specs.
COLLECT_GCC=g++
COLLECT_LTO_WRAPPER=/usr/lib/gcc/x86_64-linux-gnu/4.6/lto-wrapper
Target: x86_64-linux-gnu
Configured with: ../src/configure -v --with-pkgversion='Ubuntu/Linaro 4.6.3-1ubuntu5' --with-bugurl=file:///usr/share/doc/gcc-4.6/README.Bugs --enable-languages=c,c++,fortran,objc,obj-c++ --prefix=/usr --program-suffix=-4.6 --enable-shared --enable-linker-build-id --with-system-zlib --libexecdir=/usr/lib --without-included-gettext --enable-threads=posix --with-gxx-include-dir=/usr/include/c++/4.6 --libdir=/usr/lib --enable-nls --with-sysroot=/ --enable-clocale=gnu --enable-libstdcxx-debug --enable-libstdcxx-time=yes --enable-gnu-unique-object --enable-plugin --enable-objc-gc --disable-werror --with-arch-32=i686 --with-tune=generic --enable-checking=release --build=x86_64-linux-gnu --host=x86_64-linux-gnu --target=x86_64-linux-gnu
Thread model: posix
gcc version 4.6.3 (Ubuntu/Linaro 4.6.3-1ubuntu5) 
configure:2363: $? = 0
configure:2352: g++ -V >&5
g++: error: unrecognized option '-V'
g++: fatal error: no input files
compilation terminated.
configure:2363: $? = 4
configure:2352: g++ -qversion >&5
g++: error: unrecognized option '-qversion'
g++: fatal error: no input files
compilation terminated.
configure:2363: $? = 4
configure:2383: checking whether the C++ compiler works
configure:2405: g++    conftest.cpp  >&5
configure:2409: $? = 0
configure:2457: result: yes
configure:2460: checking for C++ compiler default output file name
configure:2462: result: a.out
configure:2468: checking for suffix of executables
configure:2475: g++ -o conftest    conftest.cpp  >&5
configure:2479: $? = 0
configure:2501: result: 
configure:2523: checking whether we are cross compiling
configure:2531: g++ -o conftest    conftest.cpp  >&5
configure:2535: $? = 0
configure:2542: ./conftest
configure:2546: $? = 0
configure:2561: result: no
configure:2566: checking for suffix of object files
configure:2588: g++ -c   conftest.cpp >&5
configure:2592: $? = 0
configure:2613: result: o
configure:2617: checking whether we are using the GNU C++ compiler
configure:2636: g++ -c   conftest.cpp >&5
configure:2636: $? = 0
configure:2645: result: yes
configure:2654: checking whether g++ accepts -g
configure:2674: g++ -c -g  conftest.cpp >&5
configure:2674: $? = 0
configure:2715: result: yes
configure:2781: checking for ranlib
configure:2797: found /usr/bin/ranlib
configure:2808: result: ranlib
configure:2832: checking for ar
configure:2850: found /usr/bin/ar
configure:2863: result: /usr/bin/ar
configure:2924: checking for gcc
configure:2940: found /usr/bin/gcc
configure:2951: result: gcc
configure:3180: checking for C compiler version
configure:3189: gcc --version >&5
gcc (Ubuntu/Linaro 4.6.3-1ubuntu5) 4.6.3
Copyright (C) 2011 Free Software Foundation, Inc.
This is free software; see the source for copying conditions.  There is NO
warranty; not even for MERCHANTABILITY or FITNESS FOR A PARTICULAR PURPOSE.

configure:3200: $? = 0
configure:3189: gcc -v >&5
Using built-in specs.
COLLECT_GCC=gcc
COLLECT_LTO_WRAPPER=/usr/lib/gcc/x86_64-linux-gnu/4.6/lto-wrapper
Target: x86_64-linux-gnu
Configured with: ../src/configure -v --with-pkgversion='Ubuntu/Linaro 4.6.3-1ubuntu5' --with-bugurl=file:///usr/share/doc/gcc-4.6/README.Bugs --enable-languages=c,c++,fortran,objc,obj-c++ --prefix=/usr --program-suffix=-4.6 --enable-shared --enable-linker-build-id --with-system-zlib --libexecdir=/usr/lib --without-included-gettext --enable-threads=posix --with-gxx-include-dir=/usr/include/c++/4.6 --libdir=/usr/lib --enable-nls --with-sysroot=/ --enable-clocale=gnu --enable-libstdcxx-debug --enable-libstdcxx-time=yes --enable-gnu-unique-object --enable-plugin --enable-objc-gc --disable-werror --with-arch-32=i686 --with-tune=generic --enable-checking=release --build=x86_64-linux-gnu --host=x86_64-linux-gnu --target=x86_64-linux-gnu
Thread model: posix
gcc version 4.6.3 (Ubuntu/Linaro 4.6.3-1ubuntu5) 
configure:3200: $? = 0
configure:3189: gcc -V >&5
gcc: error: unrecognized option '-V'
gcc: fatal error: no input files
compilation terminated.
configure:3200: $? = 4
configure:3189: gcc -qversion >&5
gcc: error: unrecognized option '-qversion'
gcc: fatal error: no input files
compilation terminated.
configure:3200: $? = 4
configure:3204: checking whether we are using the GNU C compiler
configure:3223: gcc -c   conftest.c >&5
configure:3223: $? = 0
configure:3232: result: yes
configure:3241: checking whether gcc accepts -g
configure:3261: gcc -c -g  conftest.c >&5
configure:3261: $? = 0
configure:3302: result: yes
configure:3319: checking for gcc option to accept ISO C89
configure:3382: gcc  -c -g -O2  conftest.c >&5
configure:3382: $? = 0
configure:3395: result: none needed
configure:3421: checking how to run the C preprocessor
configure:3452: gcc -E  conftest.c
configure:3452: $? = 0
configure:3466: gcc -E  conftest.c
conftest.c:9:28: fatal error: ac_nonexistent.h: No such file or directory
compilation terminated.
configure:3466: $? = 1
configure: failed program was:
| /* confdefs.h */
| #define PACKAGE_NAME "RtAudio"
| #define PACKAGE_TARNAME "rtaudio"
| #define PACKAGE_VERSION "4.1"
| #define PACKAGE_STRING "RtAudio 4.1"
| #define PACKAGE_BUGREPORT "gary@music.mcgill.ca"
| #define PACKAGE_URL ""
| /* end confdefs.h.  */
| #include <ac_nonexistent.h>
configure:3491: result: gcc -E
configure:3511: gcc -E  conftest.c
configure:3511: $? = 0
configure:3525: gcc -E  conftest.c
conftest.c:9:28: fatal error: ac_nonexistent.h: No such file or directory
compilation terminated.
configure:3525: $? = 1
configure: failed program was:
| /* confdefs.h */
| #define PACKAGE_NAME "RtAudio"
| #define PACKAGE_TARNAME "rtaudio"
| #define PACKAGE_VERSION "4.1"
| #define PACKAGE_STRING "RtAudio 4.1"
| #define PACKAGE_BUGREPORT "gary@music.mcgill.ca"
| #define PACKAGE_URL ""
| /* end confdefs.h.  */
| #include <ac_nonexistent.h>
configure:3554: checking for grep that handles long lines and -e
configure:3612: result: /bin/grep
configure:3617: checking for egrep
configure:3679: result: /bin/grep -E
configure:3684: checking for ANSI C header files
configure:3704: gcc -c -g -O2  conftest.c >&5
configure:3704: $? = 0
configure:3777: gcc -o conftest -g -O2   conftest.c  >&5
configure:3777: $? = 0
configure:3777: ./conftest
configure:3777: $? = 0
configure:3788: result: yes
configure:3801: checking for sys/types.h
configure:3801: gcc -c -g -O2  conftest.c >&5
configure:3801: $? = 0
configure:3801: result: yes
configure:3801: checking for sys/stat.h
configure:3801: gcc -c -g -O2  conftest.c >&5
configure:3801: $? = 0
configure:3801: result: yes
configure:3801: checking for stdlib.h
configure:3801: gcc -c -g -O2  conftest.c >&5
configure:3801: $? = 0
configure:3801: result: yes
configure:3801: checking for string.h
configure:3801: gcc -c -g -O2  conftest.c >&5
configure:3801: $? = 0
configure:3801: result: yes
configure:3801: checking for memory.h
configure:3801: gcc -c -g -O2  conftest.c >&5
configure:3801: $? = 0
configure:3801: result: yes
configure:3801: checking for strings.h
configure:3801: gcc -c -g -O2  conftest.c >&5
configure:3801: $? = 0
configure:3801: result: yes
configure:3801: checking for inttypes.h
configure:3801: gcc -c -g -O2  conftest.c >&5
configure:3801: $? = 0
configure:3801: result: yes
configure:3801: checking for stdint.h
configure:3801: gcc -c -g -O2  conftest.c >&5
configure:3801: $? = 0
configure:3801: result: yes
configure:3801: checking for unistd.h
configure:3801: gcc -c -g -O2  conftest.c >&5
configure:3801: $? = 0
configure:3801: result: yes
configure:3816: checking sys/ioctl.h usability
configure:3816: gcc -c -g -O2  conftest.c >&5
configure:3816: $? = 0
configure:3816: result: yes
configure:3816: checking sys/ioctl.h presence
configure:3816: gcc -E  conftest.c
configure:3816: $? = 0
configure:3816: result: yes
configure:3816: checking for sys/ioctl.h
configure:3816: result: yes
configure:3816: checking for unistd.h
configure:3816: result: yes
configure:3828: checking whether to compile debug version
configure:3841: result: no
configure:3848: checking for gettimeofday
configure:3848: gcc -o conftest -g -O2   conftest.c  >&5
configure:3848: $? = 0
configure:3848: result: yes
configure:3879: checking build system type
configure:3893: result: x86_64-unknown-linux-gnu
configure:3913: checking host system type
configure:3926: result: x86_64-unknown-linux-gnu
configure:3968: checking for audio API
configure:4220: result: using ALSA
configure:4225: checking for snd_pcm_open in -lasound
configure:4250: gcc -o conftest -g -O2   -DHAVE_GETTIMEOFDAY  conftest.c -lasound   >&5
configure:4250: $? = 0
configure:4259: result: yes
configure:4274: checking for pthread_create in -lpthread
configure:4299: gcc -o conftest -g -O2   -DHAVE_GETTIMEOFDAY  conftest.c -lpthread  -lasound  >&5
configure:4299: $? = 0
configure:4308: result: yes
configure:4679: creating ./config.status

## ---------------------- ##
## Running config.status. ##
## ---------------------- ##

This file was extended by RtAudio config.status 4.1, which was
generated by GNU Autoconf 2.69.  Invocation command line was

  CONFIG_FILES    = 
  CONFIG_HEADERS  = 
  CONFIG_LINKS    = 
  CONFIG_COMMANDS = 
  $ ./config.status 

on Oli-ideaPad

config.status:750: creating rtaudio-config
config.status:750: creating librtaudio.pc
config.status:750: creating Makefile
config.status:750: creating tests/Makefile

## ---------------- ##
## Cache variables. ##
## ---------------- ##

ac_cv_build=x86_64-unknown-linux-gnu
ac_cv_c_compiler_gnu=yes
ac_cv_cxx_compiler_gnu=yes
ac_cv_env_CCC_set=
ac_cv_env_CCC_value=
ac_cv_env_CC_set=
ac_cv_env_CC_value=
ac_cv_env_CFLAGS_set=
ac_cv_env_CFLAGS_value=
ac_cv_env_CPPFLAGS_set=
ac_cv_env_CPPFLAGS_value=
ac_cv_env_CPP_set=
ac_cv_env_CPP_value=
ac_cv_env_CXXFLAGS_set=
ac_cv_env_CXXFLAGS_value=
ac_cv_env_CXX_set=
ac_cv_env_CXX_value=
ac_cv_env_LDFLAGS_set=
ac_cv_env_LDFLAGS_value=
ac_cv_env_LIBS_set=
ac_cv_env_LIBS_value=
ac_cv_env_build_alias_set=
ac_cv_env_build_alias_value=
ac_cv_env_host_alias_set=
ac_cv_env_host_alias_value=
ac_cv_env_target_alias_set=
ac_cv_env_target_alias_value=
ac_cv_func_gettimeofday=yes
ac_cv_header_inttypes_h=yes
ac_cv_header_memory_h=yes
ac_cv_header_stdc=yes
ac_cv_header_stdint_h=yes
ac_cv_header_stdlib_h=yes
ac_cv_header_string_h=yes
ac_cv_header_strings_h=yes
ac_cv_header_sys_ioctl_h=yes
ac_cv_header_sys_stat_h=yes
ac_cv_header_sys_types_h=yes
ac_cv_header_unistd_h=yes
ac_cv_host=x86_64-unknown-linux-gnu
ac_cv_lib_asound_snd_pcm_open=yes
ac_cv_lib_pthread_pthread_create=yes
ac_cv_objext=o
ac_cv_path_AR=/usr/bin/ar
ac_cv_path_EGREP='/bin/grep -E'
ac_cv_path_GREP=/bin/grep
ac_cv_prog_CPP='gcc -E'
ac_cv_prog_ac_ct_CC=gcc
ac_cv_prog_ac_ct_CXX=g++
ac_cv_prog_ac_ct_RANLIB=ranlib
ac_cv_prog_cc_c89=
ac_cv_prog_cc_g=yes
ac_cv_prog_cxx_g=yes

## ----------------- ##
## Output variables. ##
## ----------------- ##

AR='/usr/bin/ar'
CC='gcc'
CFLAGS='-g -O2'
CPP='gcc -E'
CPPFLAGS='  -DHAVE_GETTIMEOFDAY -D__LINUX_ALSA__'
CXX='g++'
CXXFLAGS='-O2 -Wall -Wextra'
DEFS='-DPACKAGE_NAME=\"RtAudio\" -DPACKAGE_TARNAME=\"rtaudio\" -DPACKAGE_VERSION=\"4.1\" -DPACKAGE_STRING=\"RtAudio\ 4.1\" -DPACKAGE_BUGREPORT=\"gary@music.mcgill.ca\" -DPACKAGE_URL=\"\" -DSTDC_HEADERS=1 -DHAVE_SYS_TYPES_H=1 -DHAVE_SYS_STAT_H=1 -DHAVE_STDLIB_H=1 -DHAVE_STRING_H=1 -DHAVE_MEMORY_H=1 -DHAVE_STRINGS_H=1 -DHAVE_INTTYPES_H=1 -DHAVE_STDINT_H=1 -DHAVE_UNISTD_H=1 -DHAVE_SYS_IOCTL_H=1 -DHAVE_UNISTD_H=1 -DHAVE_LIBASOUND=1 -DHAVE_LIBPTHREAD=1'
ECHO_C=''
ECHO_N='-n'
ECHO_T=''
EGREP='/bin/grep -E'
EXEEXT=''
GREP='/bin/grep'
GXX='yes'
LDFLAGS=''
LIBOBJS=''
LIBS='-lpthread -lasound '
LTLIBOBJS=''
OBJEXT='o'
PACKAGE_BUGREPORT='gary@music.mcgill.ca'
PACKAGE_NAME='RtAudio'
PACKAGE_STRING='RtAudio 4.1'
PACKAGE_TARNAME='rtaudio'
PACKAGE_URL=''
PACKAGE_VERSION='4.1'
PATH_SEPARATOR=':'
RANLIB='ranlib'
SHELL='/bin/bash'
ac_ct_CC='gcc'
ac_ct_CXX='g++'
api='-D__LINUX_ALSA__'
bindir='${exec_prefix}/bin'
build='x86_64-unknown-linux-gnu'
build_alias=''
build_cpu='x86_64'
build_os='linux-gnu'
build_vendor='unknown'
cppflag=' -DHAVE_GETTIMEOFDAY'
cxxflag='-Wall -Wextra'
datadir='${datarootdir}'
datarootdir='${prefix}/share'
docdir='${datarootdir}/doc/${PACKAGE_TARNAME}'
dvidir='${docdir}'
exec_prefix='${prefix}'
host='x86_64-unknown-linux-gnu'
host_alias=''
host_cpu='x86_64'
host_os='linux-gnu'
host_vendor='unknown'
htmldir='${docdir}'
includedir='${prefix}/include'
infodir='${datarootdir}/info'
libdir='${exec_prefix}/lib'
libexecdir='${exec_prefix}/libexec'
libflags='-shared -Wl,-soname,$(SHARED).$(MAJOR) -o $(SHARED).$(RELEASE)'
localedir='${datarootdir}/locale'
localstatedir='${prefix}/var'
mandir='${datarootdir}/man'
object_path='Release'
objects=''
oldincludedir='/usr/include'
pdfdir='${docdir}'
prefix='/usr/local'
program_transform_name='s,x,x,'
psdir='${docdir}'
req=' alsa'
sbindir='${exec_prefix}/sbin'
sharedlib='librtaudio.so'
sharedname='librtaudio.so.$(RELEASE)'
sharedstatedir='${prefix}/com'
sysconfdir='${prefix}/etc'
target_alias=''

## ----------- ##
## confdefs.h. ##
## ----------- ##

/* confdefs.h */
#define PACKAGE_NAME "RtAudio"
#define PACKAGE_TARNAME "rtaudio"
#define PACKAGE_VERSION "4.1"
#define PACKAGE_STRING "RtAudio 4.1"
#define PACKAGE_BUGREPORT "gary@music.mcgill.ca"
#define PACKAGE_URL ""
#define STDC_HEADERS 1
#define HAVE_SYS_TYPES_H 1
#define HAVE_SYS_STAT_H 1
#define HAVE_STDLIB_H 1
#define HAVE_STRING_H 1
#define HAVE_MEMORY_H 1
#define HAVE_STRINGS_H 1
#define HAVE_INTTYPES_H 1
#define HAVE_STDINT_H 1
#define HAVE_UNISTD_H 1
#define HAVE_SYS_IOCTL_H 1
#define HAVE_UNISTD_H 1
#define HAVE_LIBASOUND 1
#define HAVE_LIBPTHREAD 1

configure: exit 0
