Determining if the pthread_create exist failed with the following output:
Change Dir: /home/dave/ROS/aubioROS/build/CMakeFiles/CMakeTmp

Run Build Command:/usr/bin/make "cmTryCompileExec4019520051/fast"
/usr/bin/make -f CMakeFiles/cmTryCompileExec4019520051.dir/build.make CMakeFiles/cmTryCompileExec4019520051.dir/build
make[1]: entrant dans le répertoire « /home/dave/ROS/aubioROS/build/CMakeFiles/CMakeTmp »
/usr/bin/cmake -E cmake_progress_report /home/dave/ROS/aubioROS/build/CMakeFiles/CMakeTmp/CMakeFiles 1
Building C object CMakeFiles/cmTryCompileExec4019520051.dir/CheckSymbolExists.c.o
/usr/bin/cc    -o CMakeFiles/cmTryCompileExec4019520051.dir/CheckSymbolExists.c.o   -c /home/dave/ROS/aubioROS/build/CMakeFiles/CMakeTmp/CheckSymbolExists.c
Linking C executable cmTryCompileExec4019520051
/usr/bin/cmake -E cmake_link_script CMakeFiles/cmTryCompileExec4019520051.dir/link.txt --verbose=1
/usr/bin/cc       CMakeFiles/cmTryCompileExec4019520051.dir/CheckSymbolExists.c.o  -o cmTryCompileExec4019520051 -rdynamic 
CMakeFiles/cmTryCompileExec4019520051.dir/CheckSymbolExists.c.o: dans la fonction « main »:
CheckSymbolExists.c:(.text+0x16): référence indéfinie vers « pthread_create »
collect2: error: ld returned 1 exit status
make[1]: *** [cmTryCompileExec4019520051] Erreur 1
make[1]: quittant le répertoire « /home/dave/ROS/aubioROS/build/CMakeFiles/CMakeTmp »
make: *** [cmTryCompileExec4019520051/fast] Erreur 2

File /home/dave/ROS/aubioROS/build/CMakeFiles/CMakeTmp/CheckSymbolExists.c:
/* */
#include <pthread.h>

int main(int argc, char** argv)
{
  (void)argv;
#ifndef pthread_create
  return ((int*)(&pthread_create))[argc];
#else
  (void)argc;
  return 0;
#endif
}

Determining if the function pthread_create exists in the pthreads failed with the following output:
Change Dir: /home/dave/ROS/aubioROS/build/CMakeFiles/CMakeTmp

Run Build Command:/usr/bin/make "cmTryCompileExec3573869420/fast"
/usr/bin/make -f CMakeFiles/cmTryCompileExec3573869420.dir/build.make CMakeFiles/cmTryCompileExec3573869420.dir/build
make[1]: entrant dans le répertoire « /home/dave/ROS/aubioROS/build/CMakeFiles/CMakeTmp »
/usr/bin/cmake -E cmake_progress_report /home/dave/ROS/aubioROS/build/CMakeFiles/CMakeTmp/CMakeFiles 1
Building C object CMakeFiles/cmTryCompileExec3573869420.dir/CheckFunctionExists.c.o
/usr/bin/cc   -DCHECK_FUNCTION_EXISTS=pthread_create   -o CMakeFiles/cmTryCompileExec3573869420.dir/CheckFunctionExists.c.o   -c /usr/share/cmake-2.8/Modules/CheckFunctionExists.c
Linking C executable cmTryCompileExec3573869420
/usr/bin/cmake -E cmake_link_script CMakeFiles/cmTryCompileExec3573869420.dir/link.txt --verbose=1
/usr/bin/cc   -DCHECK_FUNCTION_EXISTS=pthread_create    CMakeFiles/cmTryCompileExec3573869420.dir/CheckFunctionExists.c.o  -o cmTryCompileExec3573869420 -rdynamic -lpthreads 
/usr/bin/ld: ne peut trouver -lpthreads
collect2: error: ld returned 1 exit status
make[1]: *** [cmTryCompileExec3573869420] Erreur 1
make[1]: quittant le répertoire « /home/dave/ROS/aubioROS/build/CMakeFiles/CMakeTmp »
make: *** [cmTryCompileExec3573869420/fast] Erreur 2


